# JRE version: Java(TM) SE Runtime Environment (8.0_92-b14) (build 1.8.0_92-b14)
# Java VM: Java HotSpot(TM) 64-Bit Server VM (25.92-b14 mixed mode bsd-amd64 compressed oops)
Heap:
 PSYoungGen      total 56832K, used 45984K [0x0000000795580000, 0x0000000799600000, 0x00000007c0000000)
  eden space 51712K, 79% used [0x0000000795580000,0x0000000797d69730,0x0000000798800000)
  from space 5120K, 99% used [0x0000000798d00000,0x00000007991fec38,0x0000000799200000)
  to   space 5120K, 0% used [0x0000000798800000,0x0000000798800000,0x0000000798d00000)
 ParOldGen       total 52224K, used 13015K [0x0000000740000000, 0x0000000743300000, 0x0000000795580000)
  object space 52224K, 24% used [0x0000000740000000,0x0000000740cb5e40,0x0000000743300000)
 Metaspace       used 32708K, capacity 34192K, committed 34560K, reserved 1079296K
  class space    used 4469K, capacity 4737K, committed 4864K, reserved 1048576K
GC Heap History (10 events):
Event: 1.611 GC heap before
{Heap before GC invocations=1 (full 0):
 PSYoungGen      total 38400K, used 33280K [0x0000000795580000, 0x0000000798000000, 0x00000007c0000000)
  eden space 33280K, 100% used [0x0000000795580000,0x0000000797600000,0x0000000797600000)
  from space 5120K, 0% used [0x0000000797b00000,0x0000000797b00000,0x0000000798000000)
  to   space 5120K, 0% used [0x0000000797600000,0x0000000797600000,0x0000000797b00000)
 ParOldGen       total 87552K, used 0K [0x0000000740000000, 0x0000000745580000, 0x0000000795580000)
  object space 87552K, 0% used [0x0000000740000000,0x0000000740000000,0x0000000745580000)
 Metaspace       used 14916K, capacity 15358K, committed 15616K, reserved 1062912K
  class space    used 2080K, capacity 2211K, committed 2304K, reserved 1048576K
Event: 1.620 GC heap after
Heap after GC invocations=1 (full 0):
 PSYoungGen      total 38400K, used 5104K [0x0000000795580000, 0x0000000798000000, 0x00000007c0000000)
  eden space 33280K, 0% used [0x0000000795580000,0x0000000795580000,0x0000000797600000)
  from space 5120K, 99% used [0x0000000797600000,0x0000000797afc080,0x0000000797b00000)
  to   space 5120K, 0% used [0x0000000797b00000,0x0000000797b00000,0x0000000798000000)
 ParOldGen       total 87552K, used 975K [0x0000000740000000, 0x0000000745580000, 0x0000000795580000)
  object space 87552K, 1% used [0x0000000740000000,0x00000007400f3f00,0x0000000745580000)
 Metaspace       used 14916K, capacity 15358K, committed 15616K, reserved 1062912K
  class space    used 2080K, capacity 2211K, committed 2304K, reserved 1048576K
}
Event: 6.883 GC heap before
{Heap before GC invocations=2 (full 0):
 PSYoungGen      total 38400K, used 30844K [0x0000000795580000, 0x0000000798000000, 0x00000007c0000000)
  eden space 33280K, 77% used [0x0000000795580000,0x0000000796ea3330,0x0000000797600000)
  from space 5120K, 99% used [0x0000000797600000,0x0000000797afc080,0x0000000797b00000)
  to   space 5120K, 0% used [0x0000000797b00000,0x0000000797b00000,0x0000000798000000)
 ParOldGen       total 87552K, used 975K [0x0000000740000000, 0x0000000745580000, 0x0000000795580000)
  object space 87552K, 1% used [0x0000000740000000,0x00000007400f3f00,0x0000000745580000)
 Metaspace       used 20348K, capacity 21182K, committed 21248K, reserved 1067008K
  class space    used 2838K, capacity 3035K, committed 3072K, reserved 1048576K
Event: 6.893 GC heap after
Heap after GC invocations=2 (full 0):
 PSYoungGen      total 38400K, used 5104K [0x0000000795580000, 0x0000000798000000, 0x00000007c0000000)
  eden space 33280K, 0% used [0x0000000795580000,0x0000000795580000,0x0000000797600000)
  from space 5120K, 99% used [0x0000000797b00000,0x0000000797ffc040,0x0000000798000000)
  to   space 5120K, 0% used [0x0000000797600000,0x0000000797600000,0x0000000797b00000)
 ParOldGen       total 87552K, used 6999K [0x0000000740000000, 0x0000000745580000, 0x0000000795580000)
  object space 87552K, 7% used [0x0000000740000000,0x00000007406d5c38,0x0000000745580000)
 Metaspace       used 20348K, capacity 21182K, committed 21248K, reserved 1067008K
  class space    used 2838K, capacity 3035K, committed 3072K, reserved 1048576K
}
Event: 6.893 GC heap before
{Heap before GC invocations=3 (full 1):
 PSYoungGen      total 38400K, used 5104K [0x0000000795580000, 0x0000000798000000, 0x00000007c0000000)
  eden space 33280K, 0% used [0x0000000795580000,0x0000000795580000,0x0000000797600000)
  from space 5120K, 99% used [0x0000000797b00000,0x0000000797ffc040,0x0000000798000000)
  to   space 5120K, 0% used [0x0000000797600000,0x0000000797600000,0x0000000797b00000)
 ParOldGen       total 87552K, used 6999K [0x0000000740000000, 0x0000000745580000, 0x0000000795580000)
  object space 87552K, 7% used [0x0000000740000000,0x00000007406d5c38,0x0000000745580000)
 Metaspace       used 20348K, capacity 21182K, committed 21248K, reserved 1067008K
  class space    used 2838K, capacity 3035K, committed 3072K, reserved 1048576K
Event: 6.926 GC heap after
Heap after GC invocations=3 (full 1):
 PSYoungGen      total 38400K, used 0K [0x0000000795580000, 0x0000000798000000, 0x00000007c0000000)
  eden space 33280K, 0% used [0x0000000795580000,0x0000000795580000,0x0000000797600000)
  from space 5120K, 0% used [0x0000000797b00000,0x0000000797b00000,0x0000000798000000)
  to   space 5120K, 0% used [0x0000000797600000,0x0000000797600000,0x0000000797b00000)
 ParOldGen       total 52224K, used 11610K [0x0000000740000000, 0x0000000743300000, 0x0000000795580000)
  object space 52224K, 22% used [0x0000000740000000,0x0000000740b56ab0,0x0000000743300000)
 Metaspace       used 20348K, capacity 21182K, committed 21248K, reserved 1067008K
  class space    used 2838K, capacity 3035K, committed 3072K, reserved 1048576K
}
Event: 7.202 GC heap before
{Heap before GC invocations=4 (full 1):
 PSYoungGen      total 38400K, used 33280K [0x0000000795580000, 0x0000000798000000, 0x00000007c0000000)
  eden space 33280K, 100% used [0x0000000795580000,0x0000000797600000,0x0000000797600000)
  from space 5120K, 0% used [0x0000000797b00000,0x0000000797b00000,0x0000000798000000)
  to   space 5120K, 0% used [0x0000000797600000,0x0000000797600000,0x0000000797b00000)
 ParOldGen       total 52224K, used 11610K [0x0000000740000000, 0x0000000743300000, 0x0000000795580000)
  object space 52224K, 22% used [0x0000000740000000,0x0000000740b56ab0,0x0000000743300000)
 Metaspace       used 23093K, capacity 23934K, committed 24192K, reserved 1071104K
  class space    used 3232K, capacity 3419K, committed 3456K, reserved 1048576K
Event: 7.205 GC heap after
Heap after GC invocations=4 (full 1):
 PSYoungGen      total 38400K, used 4432K [0x0000000795580000, 0x0000000799200000, 0x00000007c0000000)
  eden space 33280K, 0% used [0x0000000795580000,0x0000000795580000,0x0000000797600000)
  from space 5120K, 86% used [0x0000000797600000,0x0000000797a54138,0x0000000797b00000)
  to   space 5120K, 0% used [0x0000000798d00000,0x0000000798d00000,0x0000000799200000)
 ParOldGen       total 52224K, used 11618K [0x0000000740000000, 0x0000000743300000, 0x0000000795580000)
  object space 52224K, 22% used [0x0000000740000000,0x0000000740b58ab0,0x0000000743300000)
 Metaspace       used 23093K, capacity 23934K, committed 24192K, reserved 1071104K
  class space    used 3232K, capacity 3419K, committed 3456K, reserved 1048576K
}
Event: 7.599 GC heap before
{Heap before GC invocations=5 (full 1):
 PSYoungGen      total 38400K, used 37712K [0x0000000795580000, 0x0000000799200000, 0x00000007c0000000)
  eden space 33280K, 99% used [0x0000000795580000,0x00000007975fff18,0x0000000797600000)
  from space 5120K, 86% used [0x0000000797600000,0x0000000797a54138,0x0000000797b00000)
  to   space 5120K, 0% used [0x0000000798d00000,0x0000000798d00000,0x0000000799200000)
 ParOldGen       total 52224K, used 11618K [0x0000000740000000, 0x0000000743300000, 0x0000000795580000)
  object space 52224K, 22% used [0x0000000740000000,0x0000000740b58ab0,0x0000000743300000)
 Metaspace       used 25772K, capacity 26526K, committed 26624K, reserved 1073152K
  class space    used 3604K, capacity 3771K, committed 3840K, reserved 1048576K
Event: 7.608 GC heap after
Heap after GC invocations=5 (full 1):
 PSYoungGen      total 56832K, used 5115K [0x0000000795580000, 0x0000000799600000, 0x00000007c0000000)
  eden space 51712K, 0% used [0x0000000795580000,0x0000000795580000,0x0000000798800000)
  from space 5120K, 99% used [0x0000000798d00000,0x00000007991fec38,0x0000000799200000)
  to   space 5120K, 0% used [0x0000000798800000,0x0000000798800000,0x0000000798d00000)
 ParOldGen       total 52224K, used 13015K [0x0000000740000000, 0x0000000743300000, 0x0000000795580000)
  object space 52224K, 24% used [0x0000000740000000,0x0000000740cb5e40,0x0000000743300000)
 Metaspace       used 25772K, capacity 26526K, committed 26624K, reserved 1073152K
  class space    used 3604K, capacity 3771K, committed 3840K, reserved 1048576K
}

